0x00000004      0x00630333      ADD     t1, t1, t1
0x00000008      0x40630333      SUB     t1, t1, t1
0x0000000c      0x00100393      ADDI    t2, zero, 0x1
0x00000010      0x00734333      XOR     t1, t1, t2
0x00000014      0x000363b3      OR      t2, t1, zero
0x00000018      0x007373b3      AND     t2, t1, t2
0x0000001c      0x00639e33      SLL     t3, t2, t1
0x00000020      0x006e5e33      SRL     t3, t3, t1
0x00000024      0x406e5e33      SRA     t3, t3, t1
0x00000028      0x006e23b3      SLT     t2, t3, t1
0x0000002c      0x007e3333      SLTU    t1, t3, t2
0x00000030      0x00000313      ADDI    t1, zero, 0x0
0x00000034      0x00000393      ADDI    t2, zero, 0x0
0x00000038      0x00000e13      ADDI    t3, zero, 0x0
0x0000003c      0x00700293      ADDI    t0, zero, 0x7
0x00000040      0x00000293      ADDI    t0, zero, 0x0
0x00000044      0x00104293      XORI    t0, zero, 0x1
0x00000048      0x0002e293      ORI     t0, t0, 0x0
0x0000004c      0x00100293      ADDI    t0, zero, 0x1
0x00000050      0x0012f293      ANDI    t0, t0, 0x1
0x00000054      0x00129293      SLLI    t0, t0, 0x1
0x00000058      0x0012d293      SRLI    t0, t0, 0x1
0x0000005c      0x4012d293      SRAI    t0, t0, 0x401
0x00000060      0x0012a293      SLTI    t0, t0, 0x1
0x00000064      0x0012b293      SLTIU   t0, t0, 0x1
0x00000068      0x00900293      ADDI    t0, zero, 0x9
0x0000006c      0xffc10113      ADDI    sp, sp, 0xfffffffc
0x00000070      0x00512023      SW      t0, 0(sp)
0x00000074      0x00012403      LW      s0, 0x0(sp)
0x00000078      0x00410113      ADDI    sp, sp, 0x4
0x0000007c      0x0fc10417      AUIPC   s0, 0xfc10
0x00000080      0xf8440413      ADDI    s0, s0, 0xffffff84
0x00000084      0x00040983      LB      s3, 0x0(s0)
0x00000088      0xffc10113      ADDI    sp, sp, 0xfffffffc
0x0000008c      0x01310023      SB      s3, 0(sp)
0x00000090      0x00410113      ADDI    sp, sp, 0x4
0x00000094      0x00140413      ADDI    s0, s0, 0x1
0x00000098      0x00044983      LBU     s3, 0x0(s0)
0x0000009c      0x00140413      ADDI    s0, s0, 0x1
0x000000a0      0x00041983      LH      s3, 0x0(s0)
0x000000a4      0xffc10113      ADDI    sp, sp, 0xfffffffc
0x000000a8      0x01311023      SH      s3, 0(sp)
0x000000ac      0x00410113      ADDI    sp, sp, 0x4
0x000000b0      0x00240413      ADDI    s0, s0, 0x2
0x000000b4      0x00045983      LHU     s3, 0x0(s0)
0x000000b8      0x00008067      JALR    zero, ra, 0x0<L1>
0x000000bc      0x00000073      ECALL
0x000000c0      0x00100073      EBREAK
0x000000c4      0x00008337      LUI     t1, 0x8
0x000000c8      0x00008317      AUIPC   t1, 0x8
0x000000cc      0x00000463      BEQ     zero, zero, 0x8<L2>
0x000000d0      0x00100293      ADDI    t0, zero, 0x1
0x000000d4      0x00501263      BNE     zero, t0, 0x4<L3>
0x000000d8      0x00504263      BLT     zero, t0, 0x4<L4>
0x000000dc      0x0002d263      BGT     t0, zero, 0x4<L5>
0x000000e0      0x00506263      BLTU    zero, t0, 0x4<L6>
0x000000e4      0x00504263      BLT     zero, t0, 0x4<L7>
0x000000e8      0x00506263      BLTU    zero, t0, 0x4<L8>
0x000000ec      0x0002d263      BGT     t0, zero, 0x4<L9>
0x000000f0      0x0002f263      BGTU    t0, zero, 0x4<L10>
0x000000f4      0x0002f263      BGTU    t0, zero, 0x4<L11>
0x000000f8      0x004000ef      JAL     ra, 0x4<L12>
0x000000fc      0x00008067      JALR    zero, ra, 0x0<L12>